"../../../../../UnrealProjects/Wrapped/Content/UI/HUD/LoadWidget.uasset" 0
"../../../../../UnrealProjects/Wrapped/Content/Blueprints/Characters/MummyController.uasset" 1
"../../../../../UnrealProjects/Wrapped/Content/UI/HUD/GameOver.uasset" 2
"../../../../../UnrealProjects/Wrapped/Content/Blueprints/Interfaces/BPI_SavedObject.uasset" 3
"../../../../../UnrealProjects/Wrapped/Content/MarketplaceStuff/FXVarietyPack/Materials/M_ky_empty.uasset" 4
"../../../../../UnrealProjects/Wrapped/Content/MarketplaceStuff/FXVarietyPack/Textures/T_ky_dust01_4x4.uasset" 5
"../../../Engine/Content/EngineResources/DefaultTexture.uasset" 6
"../../../../../UnrealProjects/Wrapped/Content/MarketplaceStuff/FXVarietyPack/Materials/Mfunction/MF_ky_UVcontrol_4x4.uasset" 7
"../../../../../UnrealProjects/Wrapped/Content/MarketplaceStuff/FXVarietyPack/Textures/T_ky_maskRGB3.uasset" 8
"../../../../../UnrealProjects/Wrapped/Content/MarketplaceStuff/FXVarietyPack/Materials/M_ky_dust01_4x4.uasset" 9
"../../../Engine/Content/Functions/Engine_MaterialFunctions01/Opacity/CameraDepthFade.uasset" 10
"../../../Engine/Content/EngineMaterials/T_Default_Material_Grid_N.uasset" 11
"../../../Engine/Content/EngineMaterials/T_Default_Material_Grid_M.uasset" 12
"../../../Engine/Content/EngineMaterials/WorldGridMaterial.uasset" 13
"../../../../../UnrealProjects/Wrapped/Content/MarketplaceStuff/FXVarietyPack/Meshes/SM_ky_auraWall_distB_kai.uasset" 14
"../../../Engine/Content/Functions/Engine_MaterialFunctions01/Density/ExponentialDensity.uasset" 15
"../../../Engine/Content/Functions/Engine_MaterialFunctions01/Gradient/RadialGradientExponential.uasset" 16
"../../../../../UnrealProjects/Wrapped/Content/MarketplaceStuff/FXVarietyPack/Materials/M_ky_primitive_dyn2.uasset" 17
"../../../../../UnrealProjects/Wrapped/Content/MarketplaceStuff/FXVarietyPack/Materials/MI_ky_primitive_dynB_nonD.uasset" 18
"../../../../../UnrealProjects/Wrapped/Content/MarketplaceStuff/FXVarietyPack/Textures/T_ky_maskCircle.uasset" 19
"../../../../../UnrealProjects/Wrapped/Content/MarketplaceStuff/FXVarietyPack/Textures/T_ky_circle9_4x4.uasset" 20
"../../../../../UnrealProjects/Wrapped/Content/MarketplaceStuff/FXVarietyPack/Textures/T_ky_auraWallWhite_4x4.uasset" 21
"../../../../../UnrealProjects/Wrapped/Content/MarketplaceStuff/FXVarietyPack/Materials/M_ky_base_anime.uasset" 22
"../../../../../UnrealProjects/Wrapped/Content/MarketplaceStuff/FXVarietyPack/Materials/MI_ky_circle9_4x4c2.uasset" 23
"../../../../../UnrealProjects/Wrapped/Content/MarketplaceStuff/FXVarietyPack/Textures/T_ky_bg.uasset" 24
"../../../../../UnrealProjects/Wrapped/Content/MarketplaceStuff/FXVarietyPack/Textures/T_ky_aura011_4x4.uasset" 25
"../../../../../UnrealProjects/Wrapped/Content/MarketplaceStuff/FXVarietyPack/Materials/M_ky_subUV01.uasset" 26
"../../../../../UnrealProjects/Wrapped/Content/MarketplaceStuff/FXVarietyPack/Materials/MI_ky_aura011_4x4_nonD.uasset" 27
"../../../../../UnrealProjects/Wrapped/Content/MarketplaceStuff/FXVarietyPack/Particles/P_ky_healAura1.uasset" 28
"../../../../../UnrealProjects/Wrapped/Content/Materials/Materials/Master_Mat.uasset" 29
"../../../../../UnrealProjects/Wrapped/Content/Materials/Materials/Mi_Yellow.uasset" 30
"../../../../../UnrealProjects/Wrapped/Content/Materials/Materials/CubeMaterial.uasset" 31
"../../../../../UnrealProjects/Wrapped/Content/Meshes/1M_Cube.uasset" 32
"../../../../../UnrealProjects/Wrapped/Content/Blueprints/Interfaces/BPI_Outline.uasset" 33
"../../../../../UnrealProjects/Wrapped/Content/Blueprints/Interfaces/BPI_Levitate.uasset" 34
"../../../Engine/Content/EditorBlueprintResources/StandardMacros.uasset" 35
"../../../../../UnrealProjects/Wrapped/Content/Blueprints/Interactables/BP_LevitateObject_Master.uasset" 36
"../../../../../UnrealProjects/Wrapped/Content/Blueprints/SaveGame/BP_LevelSave.uasset" 37
"../../../../../UnrealProjects/Wrapped/Content/Blueprints/GI_TheGame.uasset" 38
"../../../Engine/Content/Functions/Engine_MaterialFunctions02/Utility/VectorLength.uasset" 39
"../../../Engine/Content/Functions/Engine_MaterialFunctions02/WorldPositionOffset/ObjectScale.uasset" 40
"../../../Engine/Content/Functions/Engine_MaterialFunctions02/WorldPositionOffset/ComponentPivotLocation.uasset" 41
"../../../Engine/Content/Functions/Engine_MaterialFunctions02/Utility/CameraVectorWithWPOOptions.uasset" 42
"../../../Engine/Content/Functions/Engine_MaterialFunctions02/Utility/BreakOutFloat3Components.uasset" 43
"../../../Engine/Content/Functions/Engine_MaterialFunctions02/Math/Transform3x3Matrix.uasset" 44
"../../../Engine/Content/Functions/Engine_MaterialFunctions02/Math/MakeVectorsOrthogonal.uasset" 45
"../../../Engine/Content/Functions/Engine_MaterialFunctions02/Math/InverseTransformMatrix.uasset" 46
"../../../Engine/Content/Functions/Engine_MaterialFunctions02/WorldPositionOffset/AlignMeshToTheCamera.uasset" 47
"../../../Engine/Content/EngineFonts/RobotoDistanceField.uasset" 48
"../../../../../UnrealProjects/Wrapped/Content/Materials/Materials/CameraFacingText.uasset" 49
"../../../../../UnrealProjects/Wrapped/Content/Blueprints/SaveGame/BP_LevelSaveManager.uasset" 50
"../../../../../UnrealProjects/Wrapped/Content/UI/HUD/DevUI.uasset" 51
"../../../../../UnrealProjects/Wrapped/Content/Blueprints/E_Abilities.uasset" 52
"../../../../../UnrealProjects/Wrapped/Content/StarterContent/Textures/T_Smoke_Tiled_D.uasset" 53
"../../../../../UnrealProjects/Wrapped/Content/StarterContent/Textures/T_Smoke_SubUV.uasset" 54
"../../../../../UnrealProjects/Wrapped/Content/StarterContent/Particles/Materials/M_smoke_subUV.uasset" 55
"../../../Engine/Content/Functions/Engine_MaterialFunctions01/Gradient/RadialGradient.uasset" 56
"../../../../../UnrealProjects/Wrapped/Content/StarterContent/Particles/Materials/M_radial_ramp.uasset" 57
"../../../../../UnrealProjects/Wrapped/Content/StarterContent/Particles/Materials/m_flare_01.uasset" 58
"../../../../../UnrealProjects/Wrapped/Content/StarterContent/Textures/T_Explosion_SubUV.uasset" 59
"../../../../../UnrealProjects/Wrapped/Content/StarterContent/Particles/Materials/M_explosion_subUV.uasset" 60
"../../../../../UnrealProjects/Wrapped/Content/StarterContent/Textures/T_Burst_M.uasset" 61
"../../../../../UnrealProjects/Wrapped/Content/StarterContent/Particles/Materials/M_Burst.uasset" 62
"../../../../../UnrealProjects/Wrapped/Content/StarterContent/Particles/P_Explosion1.uasset" 63
"../../../../../UnrealProjects/Wrapped/Content/Blueprints/Interfaces/BPI_Interact.uasset" 64
"../../../../../UnrealProjects/Wrapped/Content/Blueprints/Interactables/BP_ThrowableObject_Master.uasset" 65
"../../../../../UnrealProjects/Wrapped/Content/Blueprints/SaveGame/Struct_PlayerStats.uasset" 66
"../../../../../UnrealProjects/Wrapped/Content/UI/HUD/Debug.uasset" 67
"../../../../../UnrealProjects/Wrapped/Content/Effects/Magic_Sand_D.uasset" 68
"../../../../../UnrealProjects/Wrapped/Content/Effects/M_SandMagic.uasset" 69
"../../../../../UnrealProjects/Wrapped/Content/StarterContent/Particles/P_Sparks1.uasset" 70
"../../../../../UnrealProjects/Wrapped/Content/MarketplaceStuff/FXVarietyPack/Textures/T_ky_smoke1.uasset" 71
"../../../../../UnrealProjects/Wrapped/Content/MarketplaceStuff/FXVarietyPack/Textures/T_ky_noise6.uasset" 72
"../../../../../UnrealProjects/Wrapped/Content/MarketplaceStuff/FXVarietyPack/Materials/M_ky_smoke01.uasset" 73
"../../../../../UnrealProjects/Wrapped/Content/MarketplaceStuff/FXVarietyPack/Materials/MI_ky_smoke01c.uasset" 74
"../../../../../UnrealProjects/Wrapped/Content/MarketplaceStuff/FXVarietyPack/Particles/P_Sand.uasset" 75
"../../../../../UnrealProjects/Wrapped/Content/Characters/mummy/mummy_v2_rooted_PhysicsAsset.uasset" 76
"../../../../../UnrealProjects/Wrapped/Content/Characters/mummy/Mummy_materials/M_JG_mummy_eyes.uasset" 77
"../../../../../UnrealProjects/Wrapped/Content/Characters/mummy/Mummy_textures/T_JG_mummy_N.uasset" 78
"../../../../../UnrealProjects/Wrapped/Content/Characters/mummy/Mummy_textures/T_JG_mummy_D.uasset" 79
"../../../../../UnrealProjects/Wrapped/Content/Characters/mummy/Mummy_materials/M_JG_mummy_D.uasset" 80
"../../../../../UnrealProjects/Wrapped/Content/Characters/mummy/Mummy_textures/T_JG_mummy_bracer_N.uasset" 81
"../../../../../UnrealProjects/Wrapped/Content/Characters/mummy/Mummy_textures/T_JG_mummy_bracer_D.uasset" 82
"../../../../../UnrealProjects/Wrapped/Content/Characters/mummy/Mummy_materials/M_JG_mummy_bracer.uasset" 83
"../../../../../UnrealProjects/Wrapped/Content/Characters/mummy/mummy_v2_rooted_Skeleton.uasset" 84
"../../../../../UnrealProjects/Wrapped/Content/Characters/mummy/mummy_v2_rooted.uasset" 85
"../../../Engine/Content/EngineMaterials/DefaultMaterial.uasset" 86
"../../../Engine/Content/EngineMeshes/MaterialSphere.uasset" 87
"../../../Engine/Content/Functions/Engine_MaterialFunctions02/SampleSceneDepth.uasset" 88
"../../../Engine/Content/Functions/Engine_MaterialFunctions01/ImageAdjustment/BlurSampleOffsets.uasset" 89
"../../../../../UnrealProjects/Wrapped/Content/Materials/ToonShaders/ToonShader.uasset" 90
"../../../../../UnrealProjects/Wrapped/Content/Materials/ToonShaders/ToonShader_Inst.uasset" 91
"../../../../../UnrealProjects/Wrapped/Content/Materials/ToonShaders/M_Outline.uasset" 92
"../../../../../UnrealProjects/Wrapped/Content/Materials/ToonShaders/Mi_Outline.uasset" 93
"../../../../../UnrealProjects/Wrapped/Content/Materials/Materials/Mi_KeyPickup.uasset" 94
"../../../../../UnrealProjects/Wrapped/Content/UI/HUD/HUD_Assets/Blank_Text_Bubble.uasset" 95
"../../../../../UnrealProjects/Wrapped/Content/UI/HUD/WB_InteractionText.uasset" 96
"../../../../../UnrealProjects/Wrapped/Content/Blueprints/SaveGame/BP_PlayerSave.uasset" 97
"../../../Engine/Content/Animation/DefaultAnimCurveCompressionSettings.uasset" 98
"../../../Engine/Content/Animation/DefaultAnimBoneCompressionSettings.uasset" 99
"../../../../../UnrealProjects/Wrapped/Content/Characters/mummy/mummy_animations/anim_mummy_throw.uasset" 100
"../../../../../UnrealProjects/Wrapped/Content/Characters/mummy/mummy_montage_files/anim_mummy_throw_Montage.uasset" 101
"../../../../../UnrealProjects/Wrapped/Content/Characters/mummy/mummy_animations/anim_mummy_flinch.uasset" 102
"../../../../../UnrealProjects/Wrapped/Content/Characters/mummy/mummy_montage_files/anim_mummy_flinch_Montage.uasset" 103
"../../../../../UnrealProjects/Wrapped/Content/Characters/mummy/AnimNotify_PickupItem.uasset" 104
"../../../../../UnrealProjects/Wrapped/Content/Characters/mummy/mummy_animations/anim_mummy_crouch_pickup.uasset" 105
"../../../../../UnrealProjects/Wrapped/Content/Characters/mummy/mummy_montage_files/anim_mummy_crouch_pickup_Montage.uasset" 106
"../../../../../UnrealProjects/Wrapped/Content/MarketplaceStuff/ProIconPack/Textures/Base_Icons/Ellipse/256x256/T_Ellipse_Outline2_256x256.uasset" 107
"../../../../../UnrealProjects/Wrapped/Content/UI/HUD/HUD.uasset" 108
"../../../../../UnrealProjects/Wrapped/Content/Blueprints/Enum_Cutscenes.uasset" 109
"../../../../../UnrealProjects/Wrapped/Content/Characters/mummy/mummy_animations/mummy_awaken.uasset" 110
"../../../../../UnrealProjects/Wrapped/Content/Characters/mummy/mummy_animations/anim_mummy_walk.uasset" 111
"../../../../../UnrealProjects/Wrapped/Content/Characters/mummy/mummy_animations/anim_mummy_run.uasset" 112
"../../../../../UnrealProjects/Wrapped/Content/Characters/mummy/mummy_animations/anim_mummy_levitate_middle.uasset" 113
"../../../../../UnrealProjects/Wrapped/Content/Characters/mummy/mummy_animations/anim_mummy_jump.uasset" 114
"../../../../../UnrealProjects/Wrapped/Content/Characters/mummy/mummy_animations/anim_mummy_idle.uasset" 115
"../../../../../UnrealProjects/Wrapped/Content/Scene1_MummyAwakens_MonkeysStealJars.uasset" 116
"../../../../../UnrealProjects/Wrapped/Content/Characters/mummy/mummy_animations/mummy_dino_idle.uasset" 117
"../../../../../UnrealProjects/Wrapped/Content/Characters/Guards/Carl/Carl__Skeleton.uasset" 118
"../../../../../UnrealProjects/Wrapped/Content/Characters/Guards/Carl/Carl_Animations/Anim_Carl_Walk.uasset" 119
"../../../../../UnrealProjects/Wrapped/Content/Characters/Guards/Carl/Carl_Animations/Anim_Carl_Surprised.uasset" 120
"../../../../../UnrealProjects/Wrapped/Content/Meshes/CanopicJars/CanopicJarTextures/T_JG_canopic_person_lid_N.uasset" 121
"../../../../../UnrealProjects/Wrapped/Content/Meshes/CanopicJars/CanopicJarTextures/T_JG_canopic_person_lid_D.uasset" 122
"../../../../../UnrealProjects/Wrapped/Content/Meshes/CanopicJars/CanopicJarMaterials/M_JG_canopic_person_lid.uasset" 123
"../../../../../UnrealProjects/Wrapped/Content/Meshes/CanopicJars/CanopicJarTextures/T_JG_canopic_person_jar_N.uasset" 124
"../../../../../UnrealProjects/Wrapped/Content/Meshes/CanopicJars/CanopicJarTextures/T_JG_canopic_person_jar_D.uasset" 125
"../../../../../UnrealProjects/Wrapped/Content/Meshes/CanopicJars/CanopicJarMaterials/M_JG_canopic_person_jar.uasset" 126
"../../../../../UnrealProjects/Wrapped/Content/Meshes/CanopicJars/ST_JG_canopic_jar_person.uasset" 127
"../../../../../UnrealProjects/Wrapped/Content/Meshes/CanopicJars/CanopicJarTextures/T_JG_canopic_jackal_lid_N.uasset" 128
"../../../../../UnrealProjects/Wrapped/Content/Meshes/CanopicJars/CanopicJarTextures/T_JG_canopic_jackal_lid_D.uasset" 129
"../../../../../UnrealProjects/Wrapped/Content/Meshes/CanopicJars/CanopicJarMaterials/M_JG_canopic_jackal_lid.uasset" 130
"../../../../../UnrealProjects/Wrapped/Content/Meshes/CanopicJars/CanopicJarTextures/T_JG_canopic_jackal_jar_N.uasset" 131
"../../../../../UnrealProjects/Wrapped/Content/Meshes/CanopicJars/CanopicJarTextures/T_JG_canopic_jackal_jar_D.uasset" 132
"../../../../../UnrealProjects/Wrapped/Content/Meshes/CanopicJars/CanopicJarMaterials/M_JG_canopic_jackal_jar.uasset" 133
"../../../../../UnrealProjects/Wrapped/Content/Meshes/CanopicJars/ST_JG_canopic_jar_jackal.uasset" 134
"../../../../../UnrealProjects/Wrapped/Content/Meshes/CanopicJars/CanopicJarTextures/T_JG_canopic_bird_lid_N.uasset" 135
"../../../../../UnrealProjects/Wrapped/Content/Meshes/CanopicJars/CanopicJarTextures/T_JG_canopic_bird_lid_D.uasset" 136
"../../../../../UnrealProjects/Wrapped/Content/Meshes/CanopicJars/CanopicJarMaterials/M_JG_canopic_bird_lid.uasset" 137
"../../../../../UnrealProjects/Wrapped/Content/Meshes/CanopicJars/CanopicJarTextures/T_JG_canopic_bird_jar_N.uasset" 138
"../../../../../UnrealProjects/Wrapped/Content/Meshes/CanopicJars/CanopicJarTextures/T_JG_canopic_bird_jar_D.uasset" 139
"../../../../../UnrealProjects/Wrapped/Content/Meshes/CanopicJars/CanopicJarMaterials/M_JG_canopic_bird_jar.uasset" 140
"../../../../../UnrealProjects/Wrapped/Content/Meshes/CanopicJars/ST_JG_canopic_jar_bird.uasset" 141
"../../../../../UnrealProjects/Wrapped/Content/Meshes/CanopicJars/CanopicJarTextures/T_JG_canopic_baboon_lid_N.uasset" 142
"../../../../../UnrealProjects/Wrapped/Content/Meshes/CanopicJars/CanopicJarTextures/T_JG_canopic_baboon_lid_D.uasset" 143
"../../../../../UnrealProjects/Wrapped/Content/Meshes/CanopicJars/CanopicJarMaterials/M_JG_canopic_baboon_lid.uasset" 144
"../../../../../UnrealProjects/Wrapped/Content/Meshes/CanopicJars/CanopicJarTextures/T_JG_canopic_baboon_jar_N.uasset" 145
"../../../../../UnrealProjects/Wrapped/Content/Meshes/CanopicJars/CanopicJarTextures/T_JG_canopic_baboon_jar_D.uasset" 146
"../../../../../UnrealProjects/Wrapped/Content/Meshes/CanopicJars/CanopicJarMaterials/M_JG_canopic_baboon_jar.uasset" 147
"../../../../../UnrealProjects/Wrapped/Content/Meshes/CanopicJars/ST_JG_canopic_jar_baboon.uasset" 148
"../../../Engine/Content/BasicShapes/Cylinder.uasset" 149
"../../../../../UnrealProjects/Wrapped/Content/Blueprints/Interactables/BP_CanopicJar.uasset" 150
"../../../../../UnrealProjects/Wrapped/Content/Characters/Guards/Carl/Carl_Guard1_Rig_PhysicsAsset.uasset" 151
"../../../../../UnrealProjects/Wrapped/Content/Meshes/Dino_Lobby/lambert1.uasset" 152
"../../../../../UnrealProjects/Wrapped/Content/Characters/Guards/Carl/Carl_Guard1_Rig.uasset" 153
"../../../../../UnrealProjects/Wrapped/Content/Mannequin/Character/Mesh/SK_Mannequin_PhysicsAsset.uasset" 154
"../../../../../UnrealProjects/Wrapped/Content/Mannequin/Character/Textures/T_UE4Logo_N.uasset" 155
"../../../../../UnrealProjects/Wrapped/Content/Mannequin/Character/Textures/T_UE4Logo_Mask.uasset" 156
"../../../../../UnrealProjects/Wrapped/Content/Mannequin/Character/Textures/T_Male_N.uasset" 157
"../../../../../UnrealProjects/Wrapped/Content/Mannequin/Character/Textures/T_Male_Mask.uasset" 158
"../../../../../UnrealProjects/Wrapped/Content/Mannequin/Character/Materials/MaterialLayers/T_ML_Rubber_Blue_01_N.uasset" 159
"../../../../../UnrealProjects/Wrapped/Content/Mannequin/Character/Materials/MaterialLayers/T_ML_Rubber_Blue_01_D.uasset" 160
"../../../../../UnrealProjects/Wrapped/Content/Mannequin/Character/Materials/MaterialLayers/T_ML_Aluminum01_N.uasset" 161
"../../../../../UnrealProjects/Wrapped/Content/Mannequin/Character/Materials/MaterialLayers/T_ML_Aluminum01.uasset" 162
"../../../../../UnrealProjects/Wrapped/Content/Mannequin/Character/Materials/MaterialLayers/ML_SoftMetal_UE4.uasset" 163
"../../../../../UnrealProjects/Wrapped/Content/Mannequin/Character/Materials/MaterialLayers/ML_Plastic_Shiny_Beige_LOGO.uasset" 164
"../../../../../UnrealProjects/Wrapped/Content/Mannequin/Character/Materials/MaterialLayers/ML_Plastic_Shiny_Beige.uasset" 165
"../../../../../UnrealProjects/Wrapped/Content/Mannequin/Character/Materials/MaterialLayers/ML_GlossyBlack_Latex_UE4.uasset" 166
"../../../Engine/Content/Functions/MaterialLayerFunctions/MatLayerBlend_Simple.uasset" 167
"../../../Engine/Content/Functions/Engine_MaterialFunctions02/Utility/BlendAngleCorrectedNormals.uasset" 168
"../../../Engine/Content/Functions/MaterialLayerFunctions/MatLayerBlend_NormalBlend.uasset" 169
"../../../../../UnrealProjects/Wrapped/Content/Mannequin/Character/Materials/M_Male_Body.uasset" 170
"../../../../../UnrealProjects/Wrapped/Content/Mannequin/Character/Materials/M_UE4Man_ChestLogo.uasset" 171
"../../../../../UnrealProjects/Wrapped/Content/Mannequin/Character/Mesh/UE4_Mannequin_Skeleton.uasset" 172
"../../../../../UnrealProjects/Wrapped/Content/Mannequin/Character/Mesh/SK_Mannequin.uasset" 173
"../../../Engine/Content/EditorMeshes/EditorSphere.uasset" 174
"../../../../../UnrealProjects/Wrapped/Content/Materials/Materials/Mi_Light_Yellow.uasset" 175
"../../../../../UnrealProjects/Wrapped/Content/Materials/Materials/Mi_Light_Red.uasset" 176
"../../../../../UnrealProjects/Wrapped/Content/Materials/Materials/Mi_DarkRed.uasset" 177
"../../../../../UnrealProjects/Wrapped/Content/Animations/ThirdPersonWalk.uasset" 178
"../../../../../UnrealProjects/Wrapped/Content/Animations/ThirdPersonRun.uasset" 179
"../../../../../UnrealProjects/Wrapped/Content/Animations/ThirdPersonIdle.uasset" 180
"../../../../../UnrealProjects/Wrapped/Content/Animations/ThirdPerson_IdleRun_2D.uasset" 181
"../../../../../UnrealProjects/Wrapped/Content/Animations/ThirdPersonJump_Start.uasset" 182
"../../../../../UnrealProjects/Wrapped/Content/Animations/ThirdPersonJump_Loop.uasset" 183
"../../../../../UnrealProjects/Wrapped/Content/Animations/ThirdPerson_Jump.uasset" 184
"../../../../../UnrealProjects/Wrapped/Content/Animations/AnimBP_Ai_Enemy.uasset" 185
"../../../../../UnrealProjects/Wrapped/Content/AI/TaskGetPlayerLocation.uasset" 186
"../../../../../UnrealProjects/Wrapped/Content/AI/TaskClearValue.uasset" 187
"../../../../../UnrealProjects/Wrapped/Content/AI/Enum_AiStates.uasset" 188
"../../../../../UnrealProjects/Wrapped/Content/AI/TaskAlertState.uasset" 189
"../../../../../UnrealProjects/Wrapped/Content/AI/BTT_StopMoving.uasset" 190
"../../../../../UnrealProjects/Wrapped/Content/AI/BTT_SetFocusToLocation.uasset" 191
"../../../../../UnrealProjects/Wrapped/Content/AI/BTT_SetFocusToActor.uasset" 192
"../../../../../UnrealProjects/Wrapped/Content/AI/Enum_TeamID.uasset" 193
"../../../../../UnrealProjects/Wrapped/Content/AI/BP_PatrolPath.uasset" 194
"../../../../../UnrealProjects/Wrapped/Content/UI/HUD/RaptorHUD.uasset" 195
"../../../../../UnrealProjects/Wrapped/Content/StarterContent/Particles/P_Explosion.uasset" 196
"../../../../../UnrealProjects/Wrapped/Content/Characters/Raptor/Mohawk.uasset" 197
"../../../../../UnrealProjects/Wrapped/Content/Characters/mummy/mummy_animations/mummy_dino_ride.uasset" 198
"../../../../../UnrealProjects/Wrapped/Content/Characters/Raptor/RaptorAnimations/RaptorRig2020_Skeleton.uasset" 199
"../../../../../UnrealProjects/Wrapped/Content/Characters/Raptor/RaptorAnimations/RaptorRig2020_PhysicsAsset.uasset" 200
"../../../../../UnrealProjects/Wrapped/Content/Characters/Raptor/RaptorTextures/T_Raptor_Raptor_OcclusionRoughnessMetallic.uasset" 201
"../../../../../UnrealProjects/Wrapped/Content/Characters/Raptor/RaptorTextures/T_Raptor_Raptor_Normal.uasset" 202
"../../../../../UnrealProjects/Wrapped/Content/Characters/Raptor/RaptorTextures/T_Raptor_Raptor_BaseColor.uasset" 203
"../../../../../UnrealProjects/Wrapped/Content/Characters/Raptor/M_Raptor.uasset" 204
"../../../../../UnrealProjects/Wrapped/Content/Characters/Raptor/RaptorRig2020.uasset" 205
"../../../../../UnrealProjects/Wrapped/Content/Characters/Raptor/RaptorAnimations/AnimRaptor_Walk.uasset" 206
"../../../../../UnrealProjects/Wrapped/Content/AI/Enum_Passive_Behaviors.uasset" 207
"../../../../../UnrealProjects/Wrapped/Content/Blueprints/Characters/BP_Raptor.uasset" 208
"../../../../../UnrealProjects/Wrapped/Content/AI/BP_BossPath.uasset" 209
"../../../../../UnrealProjects/Wrapped/Content/AI/BPI_AiInterface.uasset" 210
"../../../../../UnrealProjects/Wrapped/Content/AI/BTT_SetBehaviorAs.uasset" 211
"../../../../../UnrealProjects/Wrapped/Content/AI/BTT_MoveToRotation.uasset" 212
"../../../../../UnrealProjects/Wrapped/Content/AI/BTT_ModifyMovementSpeed.uasset" 213
"../../../../../UnrealProjects/Wrapped/Content/AI/BTT_GetUp.uasset" 214
"../../../../../UnrealProjects/Wrapped/Content/AI/BTT_FollowPatrolPath.uasset" 215
"../../../../../UnrealProjects/Wrapped/Content/AI/BTT_FindRandomLocation.uasset" 216
"../../../../../UnrealProjects/Wrapped/Content/AI/BTT_FindPlayerLocation.uasset" 217
"../../../../../UnrealProjects/Wrapped/Content/AI/BTT_FindClosestPatrolPathPoint.uasset" 218
"../../../../../UnrealProjects/Wrapped/Content/AI/BTT_FindClosestPatrolPath.uasset" 219
"../../../../../UnrealProjects/Wrapped/Content/AI/BTT_ClearFocus.uasset" 220
"../../../../../UnrealProjects/Wrapped/Content/AI/BTT_Attack.uasset" 221
"../../../../../UnrealProjects/Wrapped/Content/AI/BTD_PlayerRange.uasset" 222
"../../../../../UnrealProjects/Wrapped/Content/AI/BTD_IsCurrentlyPatrolling.uasset" 223
"../../../../../UnrealProjects/Wrapped/Content/AI/BTD_IsAtRotation.uasset" 224
"../../../../../UnrealProjects/Wrapped/Content/AI/BTT_SetIsCurrentlyPatrolling.uasset" 225
"../../../../../UnrealProjects/Wrapped/Content/AI/BTD_HasPatrolPath.uasset" 226
"../../../../../UnrealProjects/Wrapped/Content/AI/BB_Enemy.uasset" 227
"../../../../../UnrealProjects/Wrapped/Content/AI/BT_Enemy.uasset" 228
"../../../../../UnrealProjects/Wrapped/Content/AI/Enum_AiSenses.uasset" 229
"../../../../../UnrealProjects/Wrapped/Content/AI/BFL_Helpers.uasset" 230
"../../../../../UnrealProjects/Wrapped/Content/AI/EnemyAiController.uasset" 231
"../../../../../UnrealProjects/Wrapped/Content/Blueprints/Characters/BP_Enemy_Master.uasset" 232
"../../../../../UnrealProjects/Wrapped/Content/Blueprints/Characters/BP_Carl.uasset" 233
"../../../../../UnrealProjects/Wrapped/Content/Characters/mummy/mummy_animations/anim_mummy_levitate_start.uasset" 234
"../../../../../UnrealProjects/Wrapped/Content/Characters/mummy/mummy_animations/anim_mummy_levitate_end.uasset" 235
"../../../../../UnrealProjects/Wrapped/Content/Characters/mummy/mummy_animations/anim_mummy_falling_loop.uasset" 236
"../../../../../UnrealProjects/Wrapped/Content/Cinematic/Scene4_TrexAwakens.uasset" 237
"../../../../../UnrealProjects/Wrapped/Content/Meshes/Doors/ST_BathroomDoor_Detached.uasset" 238
"../../../../../UnrealProjects/Wrapped/Content/Blueprints/Interactables/NewBlueprint1.uasset" 239
"../../../../../UnrealProjects/Wrapped/Content/Audio/levitate_object.uasset" 240
"../../../../../UnrealProjects/Wrapped/Content/Cinematic/Scene3_Bathroom.uasset" 241
"../../../../../UnrealProjects/Wrapped/Content/Cinematic/Scene2_Guard_Jar_CameraPan.uasset" 242
"../../../../../UnrealProjects/Wrapped/Content/Blueprints/BP_Cinematics.uasset" 243
"../../../../../UnrealProjects/Wrapped/Content/Animations/Enum_mummy_actions.uasset" 244
"../../../../../UnrealProjects/Wrapped/Content/Animations/BS1D_Mummy_IdleWalkRun.uasset" 245
"../../../../../UnrealProjects/Wrapped/Content/Characters/mummy/mummy_animations/anim_mummy_sneak.uasset" 246
"../../../../../UnrealProjects/Wrapped/Content/Animations/BS1D_Mummy_Crouch.uasset" 247
"../../../../../UnrealProjects/Wrapped/Content/Characters/mummy/mummy_animations/anim_mummy_melee.uasset" 248
"../../../../../UnrealProjects/Wrapped/Content/Characters/mummy/mummy_animations/anim_mummy_land.uasset" 249
"../../../../../UnrealProjects/Wrapped/Content/Characters/mummy/mummy_animations/anim_mummy_idle_break_2.uasset" 250
"../../../../../UnrealProjects/Wrapped/Content/Characters/mummy/mummy_animations/anim_mummy_idle_break_1.uasset" 251
"../../../../../UnrealProjects/Wrapped/Content/Characters/mummy/mummy_animations/anim_mummy_float_landing.uasset" 252
"../../../../../UnrealProjects/Wrapped/Content/Characters/mummy/mummy_animations/anim_mummy_float_begin.uasset" 253
"../../../../../UnrealProjects/Wrapped/Content/Characters/mummy/mummy_animations/anim_mummy_crouch_up.uasset" 254
"../../../../../UnrealProjects/Wrapped/Content/Characters/mummy/mummy_animations/anim_mummy_crouch_down.uasset" 255
"../../../../../UnrealProjects/Wrapped/Content/Characters/mummy/mummy_animations/anim_mummy_aimhold.uasset" 256
"../../../../../UnrealProjects/Wrapped/Content/Animations/AnimBP_Mummy.uasset" 257
"../../../../../UnrealProjects/Wrapped/Content/Blueprints/Characters/BP_PlayerCharacter.uasset" 258
"../../../../../UnrealProjects/Wrapped/Content/Blueprints/GM_GamePlay.uasset" 259
"../../../../../UnrealProjects/Wrapped/Content/Materials/Materials/Mi_Cream.uasset" 260
"../../../../../UnrealProjects/Wrapped/Content/Materials/Materials/M_Interior_Exterior/Hardwood_R.uasset" 261
"../../../../../UnrealProjects/Wrapped/Content/Materials/Materials/M_Interior_Exterior/Hardwood_N.uasset" 262
"../../../../../UnrealProjects/Wrapped/Content/Materials/Materials/M_Interior_Exterior/Hardwood_D.uasset" 263
"../../../../../UnrealProjects/Wrapped/Content/Materials/Materials/M_Hardwood_Floor.uasset" 264
"../../../../../UnrealProjects/Wrapped/Content/Materials/Materials/Mi_Slate.uasset" 265
"../../../../../UnrealProjects/Wrapped/Content/Meshes/LevelTest/dwa.uasset" 266
"../../../../../UnrealProjects/Wrapped/Content/UI/ability_icons/cat_float.uasset" 267
"../../../../../UnrealProjects/Wrapped/Content/UI/ability_icons/levitate_vase.uasset" 268
"../../../../../UnrealProjects/Wrapped/Content/UI/ability_icons/sand.uasset" 269
"../../../../../UnrealProjects/Wrapped/Content/UI/HUD/Menu_Asset/PauseBackground1.uasset" 270
"../../../../../UnrealProjects/Wrapped/Content/UI/HUD/Pause_Menu.uasset" 271
"../../../../../UnrealProjects/Wrapped/Content/UI/HUD/Menu_Asset/BasicTextBox1Damuf.uasset" 272
"../../../Engine/Content/ArtTools/RenderToTexture/Meshes/S_1_Unit_Plane.uasset" 273
"../../../Engine/Content/BasicShapes/Cone.uasset" 274
"../../../Engine/Content/BasicShapes/Cube.uasset" 275
"../../../Engine/Content/BasicShapes/Plane.uasset" 276
"../../../Engine/Content/BasicShapes/Sphere.uasset" 277
"../../../Engine/Content/EditorLandscapeResources/DataLayer.uasset" 278
"../../../Engine/Content/EditorLandscapeResources/DefaultAlphaTexture.uasset" 279
"../../../Engine/Content/EditorMaterials/MAT_Groups_Toggle.uasset" 280
"../../../Engine/Content/EditorMaterials/MAT_Groups_Visibility.uasset" 281
"../../../Engine/Content/EditorMaterials/PreviewShadowIndicator.uasset" 282
"../../../Engine/Content/EditorMaterials/PreviewShadowIndicatorMaterial.uasset" 283
"../../../Engine/Content/EditorMaterials/MatineeGroups/MAT_ColorTrack.uasset" 284
"../../../Engine/Content/EditorMaterials/MatineeGroups/MAT_Groups_Anim.uasset" 285
"../../../Engine/Content/EditorMaterials/MatineeGroups/MAT_Groups_AudioMaster.uasset" 286
"../../../Engine/Content/EditorMaterials/MatineeGroups/MAT_Groups_Director.uasset" 287
"../../../Engine/Content/EditorMaterials/MatineeGroups/MAT_Groups_Event.uasset" 288
"../../../Engine/Content/EditorMaterials/MatineeGroups/MAT_Groups_Fade.uasset" 289
"../../../Engine/Content/EditorMaterials/MatineeGroups/MAT_Groups_Float.uasset" 290
"../../../Engine/Content/EditorMaterials/MatineeGroups/MAT_Groups_Move.uasset" 291
"../../../Engine/Content/EditorMaterials/MatineeGroups/MAT_Groups_Slomo.uasset" 292
"../../../Engine/Content/EditorMaterials/MatineeGroups/MAT_Groups_Sound.uasset" 293
"../../../Engine/Content/EditorMaterials/MatineeGroups/MAT_Groups_Vector.uasset" 294
"../../../Engine/Content/EditorMaterials/ParticleSystems/PSysThumbnail_NoImage.uasset" 295
"../../../Engine/Content/EditorMaterials/ParticleSystems/PSysThumbnail_OOD.uasset" 296
"../../../Engine/Content/EditorMaterials/Camera/CineMat.uasset" 297
"../../../Engine/Content/EditorMaterials/Camera/MI_CineMat_Rig.uasset" 298
"../../../Engine/Content/EditorMeshes/Camera/SM_CraneRig_Arm.uasset" 299
"../../../Engine/Content/EditorMeshes/Camera/SM_CraneRig_Base.uasset" 300
"../../../Engine/Content/EditorMeshes/Camera/SM_CraneRig_Body.uasset" 301
"../../../Engine/Content/EditorMeshes/Camera/SM_CraneRig_Mount.uasset" 302
"../../../Engine/Content/EditorMeshes/Camera/SM_RailRig_Mount.uasset" 303
"../../../Engine/Content/EditorMeshes/Camera/SM_RailRig_Track.uasset" 304
"../../../Engine/Content/EditorResources/BSPVertex.uasset" 305
"../../../Engine/Content/EditorResources/EmptyActor.uasset" 306
"../../../Engine/Content/EditorResources/S_Actor.uasset" 307
"../../../Engine/Content/EditorResources/S_Note.uasset" 308
"../../../Engine/Content/EditorResources/S_Solver.uasset" 309
"../../../Engine/Content/EditorResources/S_Terrain.uasset" 310
"../../../Engine/Content/EditorResources/S_Trigger.uasset" 311
"../../../Engine/Content/EditorResources/SequenceRecorder/Countdown.uasset" 312
"../../../Engine/Content/EditorResources/SequenceRecorder/RecordingIndicator.uasset" 313
"../../../Engine/Content/EngineDamageTypes/DmgTypeBP_Environmental.uasset" 314
"../../../Engine/Content/EngineDebugMaterials/DebugEditorMaterial.uasset" 315
"../../../Engine/Content/EngineDebugMaterials/DebugMeshMaterial.uasset" 316
"../../../Engine/Content/EngineDebugMaterials/M_SimpleUnlitTranslucent.uasset" 317
"../../../Engine/Content/EngineDebugMaterials/VolumeToRender.uasset" 318
"../../../Engine/Content/Functions/Engine_MaterialFunctions02/Utility/CameraDirectionVector.uasset" 319
"../../../Engine/Content/EngineDebugMaterials/M_VolumeRenderSphereTracePP.uasset" 320
"../../../Engine/Content/Functions/Engine_MaterialFunctions01/Shading/ConvertFromDiffSpec.uasset" 321
"../../../Engine/Content/EngineDebugMaterials/VertexColorMaterial.uasset" 322
"../../../Engine/Content/EngineDebugMaterials/WireframeMaterial.uasset" 323
"../../../Engine/Content/EngineFonts/Faces/RobotoRegular.uasset" 324
"../../../Engine/Content/EngineFonts/Faces/RobotoLight.uasset" 325
"../../../Engine/Content/EngineFonts/Faces/RobotoItalic.uasset" 326
"../../../Engine/Content/EngineFonts/Faces/RobotoBoldItalic.uasset" 327
"../../../Engine/Content/EngineFonts/Faces/RobotoBold.uasset" 328
"../../../Engine/Content/EngineFonts/Faces/DroidSansFallback.uasset" 329
"../../../Engine/Content/EngineFonts/Roboto.uasset" 330
"../../../Engine/Content/EngineMaterials/BaseFlattenNormalMap.uasset" 331
"../../../Engine/Content/EngineMaterials/BaseFlattenGrayscaleMap.uasset" 332
"../../../Engine/Content/EngineMaterials/BaseFlattenEmissiveMap.uasset" 333
"../../../Engine/Content/EngineMaterials/BaseFlattenDiffuseMap.uasset" 334
"../../../Engine/Content/EngineMaterials/BaseFlattenMaterial.uasset" 335
"../../../Engine/Content/EngineMaterials/BlueNoise.uasset" 336
"../../../Engine/Content/EngineMaterials/DefaultBloomKernel.uasset" 337
"../../../Engine/Content/EngineMaterials/DefaultBokeh.uasset" 338
"../../../Engine/Content/EngineMaterials/DefaultDiffuse.uasset" 339
"../../../Engine/Content/EngineMaterials/DefaultDeferredDecalMaterial.uasset" 340
"../../../Engine/Content/EngineMaterials/DefaultLightFunctionMaterial.uasset" 341
"../../../Engine/Content/EngineMaterials/DefaultPhysicalMaterial.uasset" 342
"../../../Engine/Content/Functions/Engine_MaterialFunctions02/Utility/BreakOutFloat2Components.uasset" 343
"../../../Engine/Content/EngineMaterials/DefaultPostProcessMaterial.uasset" 344
"../../../Engine/Content/EngineMaterials/DefaultTextMaterialOpaque.uasset" 345
"../../../Engine/Content/EngineMaterials/DefaultWhiteGrid.uasset" 346
"../../../Engine/Content/EngineMaterials/DefaultWhiteGrid_Low.uasset" 347
"../../../Engine/Content/EngineMaterials/EmissiveMeshMaterial.uasset" 348
"../../../Engine/Content/EngineMaterials/GizmoMaterial.uasset" 349
"../../../Engine/Content/EngineMaterials/Good64x64TilingNoiseHighFreq.uasset" 350
"../../../Engine/Content/EngineMaterials/MiniFont.uasset" 351
"../../../Engine/Content/EngineMaterials/InvalidLightmapSettings.uasset" 352
"../../../Engine/Content/EngineMaterials/M_InvalidLightmapSettings.uasset" 353
"../../../Engine/Content/Functions/Engine_MaterialFunctions02/WorldPositionOffset/CameraOffset.uasset" 354
"../../../Engine/Content/EngineMaterials/PhAT_JointLimitMaterial.uasset" 355
"../../../Engine/Content/EngineMaterials/PreintegratedSkinBRDF.uasset" 356
"../../../Engine/Content/EngineMaterials/RemoveSurfaceMaterial.uasset" 357
"../../../Engine/Content/EngineMaterials/WeightMapPlaceholderTexture.uasset" 358
"../../../Engine/Content/EngineResources/WhiteSquareTexture.uasset" 359
"../../../Engine/Content/EngineMaterials/Widget3DPassThrough.uasset" 360
"../../../Engine/Content/EngineMaterials/Widget3DPassThrough_Masked.uasset" 361
"../../../Engine/Content/EngineMaterials/Widget3DPassThrough_Opaque.uasset" 362
"../../../Engine/Content/EngineMaterials/Widget3DPassThrough_Masked_OneSided.uasset" 363
"../../../Engine/Content/EngineMaterials/Widget3DPassThrough_Opaque_OneSided.uasset" 364
"../../../Engine/Content/EngineMaterials/Widget3DPassThrough_Translucent.uasset" 365
"../../../Engine/Content/EngineMaterials/Widget3DPassThrough_Translucent_OneSided.uasset" 366
"../../../Engine/Content/EngineMeshes/Cylinder.uasset" 367
"../../../Engine/Content/EngineMeshes/Sphere.uasset" 368
"../../../Engine/Content/EngineResources/Black.uasset" 369
"../../../Engine/Content/EngineResources/DefaultTextureCube.uasset" 370
"../../../Engine/Content/EngineResources/DefaultVolumeTexture2D.uasset" 371
"../../../Engine/Content/EngineResources/DefaultVolumeTexture.uasset" 372
"../../../Engine/Content/EngineResources/GradientTexture0.uasset" 373
"../../../Engine/Content/EngineSky/VolumetricClouds/T_NoiseShape64.uasset" 374
"../../../Engine/Content/EngineSky/VolumetricClouds/T_VolumeNoiseShape64.uasset" 375
"../../../Engine/Content/EngineSky/VolumetricClouds/T_NoiseErosion.uasset" 376
"../../../Engine/Content/EngineSky/VolumetricClouds/T_VolumeNoiseErosion32.uasset" 377
"../../../Engine/Content/EngineSky/VolumetricClouds/CloudWeatherTexture.uasset" 378
"../../../Engine/Content/EngineSky/VolumetricClouds/CloudGradientTexture.uasset" 379
"../../../Engine/Content/Functions/Engine_MaterialFunctions02/Utility/MakeFloat2.uasset" 380
"../../../Engine/Content/EngineSky/VolumetricClouds/m_SimpleVolumetricCloud.uasset" 381
"../../../Engine/Content/EngineSky/VolumetricClouds/m_SimpleVolumetricCloud_Inst.uasset" 382
"../../../Engine/Content/EngineSounds/Master.uasset" 383
"../../../Engine/Content/Functions/Engine_MaterialFunctions01/Shading/PowerToRoughness.uasset" 384
"../../../Engine/Content/Maps/Templates/Thumbnails/Default.uasset" 385
"../../../Engine/Content/Maps/Templates/Thumbnails/TimeOfDay.uasset" 386
"../../../Engine/Content/Maps/Templates/Thumbnails/VR-Basic.uasset" 387
"../../../Engine/Content/MobileResources/T_MobileControls_texture.uasset" 388
"../../../Engine/Content/MobileResources/T_MobileMenu2.uasset" 389
"../../../Engine/Content/MobileResources/HUD/AnalogHat.uasset" 390
"../../../Engine/Content/MobileResources/HUD/VirtualJoystick_Thumb.uasset" 391
"../../../Engine/Content/MobileResources/HUD/VirtualJoystick_Background.uasset" 392
"../../../Engine/Content/MobileResources/HUD/DefaultVirtualJoysticks.uasset" 393
"../../../Engine/Content/MobileResources/HUD/LeftVirtualJoystickOnly.uasset" 394
"../../../Engine/Content/MobileResources/HUD/MobileHUDButton1_off.uasset" 395
"../../../Engine/Content/MobileResources/HUD/MobileHUDButton1_on.uasset" 396
"../../../Engine/Content/MobileResources/HUD/MobileHUDButton2_off.uasset" 397
"../../../Engine/Content/MobileResources/HUD/MobileHUDButton2_on.uasset" 398
"../../../Engine/Content/MobileResources/HUD/MobileHUDButton3.uasset" 399
"../../../Engine/Content/MobileResources/HUD/MobileHUDButtonFire.uasset" 400
"../../../Engine/Content/MobileResources/HUD/MobileHUDDirectionPad.uasset" 401
"../../../Engine/Content/MobileResources/HUD/MobileHUDDirectionPad2.uasset" 402
"../../../Engine/Content/MobileResources/HUD/MobileHUDDirectionPad3.uasset" 403
"../../../Engine/Content/MobileResources/HUD/MobileHUDDirectionStick.uasset" 404
"../../../Engine/Content/MobileResources/HUD/T_Castle_ThumbstickInner.uasset" 405
"../../../Engine/Content/MobileResources/HUD/T_Castle_ThumbstickOutter.uasset" 406
"../../../Engine/Content/Tutorial/ContentIntroCurve.uasset" 407
"../../../Engine/Content/Tutorial/Basics/LevelEditorAttract.uasset" 408
"../../../Engine/Content/VREditor/TransformGizmo/TranslucentTransformGizmoMaterial.uasset" 409
"../../../Engine/Content/VREditor/LaserPointer/VR_LaserPower_01.uasset" 410
"../../../Engine/Content/VREditor/TransformGizmo/TransformGizmoMaterial.uasset" 411
"../../../Engine/Content/VREditor/TransformGizmo/BoundingBoxCorner.uasset" 412
"../../../Engine/Content/VREditor/TransformGizmo/BoundingBoxEdge.uasset" 413
"../../../Engine/Content/VREditor/TransformGizmo/PlaneTranslationHandle.uasset" 414
"../../../Engine/Content/VREditor/TransformGizmo/Xray.uasset" 415
"../../../Engine/Content/VREditor/TransformGizmo/Main.uasset" 416
"../../../Engine/Content/VREditor/TransformGizmo/SM_Sequencer_Key.uasset" 417
"../../../Engine/Content/VREditor/TransformGizmo/SM_Sequencer_Node.uasset" 418
"../../Plugins/2D/Paper2D/Content/PlaceholderTextures/DummySpriteTexture.uasset" 419
"../../Plugins/2D/Paper2D/Content/DummySprite.uasset" 420
"../../Plugins/2D/Paper2D/Content/DefaultPaperTerrainMaterial.uasset" 421
"../../Plugins/2D/Paper2D/Content/DefaultSpriteMaterial.uasset" 422
"../../Plugins/2D/Paper2D/Content/MaskedUnlitSpriteMaterial.uasset" 423
"../../Plugins/2D/Paper2D/Content/OpaqueUnlitSpriteMaterial.uasset" 424
"../../../Engine/Content/Functions/Engine_MaterialFunctions02/ObjectLocalBounds.uasset" 425
"../../Plugins/Editor/SpeedTreeImporter/Content/SpeedTree9/SpeedTreeBillboard.uasset" 426
"../../Plugins/Editor/SpeedTreeImporter/Content/SpeedTree9/game_wind_noise.uasset" 427
"../../Plugins/Editor/SpeedTreeImporter/Content/SpeedTree9/UnpackInteger3.uasset" 428
"../../Plugins/Editor/SpeedTreeImporter/Content/SpeedTree9/UnpackDirection.uasset" 429
"../../../Engine/Content/Functions/Engine_MaterialFunctions02/SafeNormalize.uasset" 430
"../../Plugins/Editor/SpeedTreeImporter/Content/SpeedTree9/SpeedTreeWindMotion.uasset" 431
"../../Plugins/Editor/SpeedTreeImporter/Content/SpeedTree9/SpeedTreeBranchMotion.uasset" 432
"../../../Engine/Content/Functions/Engine_MaterialFunctions02/UVs/BoundingBoxBased_0-1_UVW.uasset" 433
"../../Plugins/Editor/SpeedTreeImporter/Content/SpeedTree9/SpeedTreeWind.uasset" 434
"../../Plugins/Editor/SpeedTreeImporter/Content/SpeedTree9/SpeedTreeBillboardMaster.uasset" 435
"../../Plugins/Editor/SpeedTreeImporter/Content/SpeedTree9/SpeedTreeCameraFacing.uasset" 436
"../../Plugins/Editor/SpeedTreeImporter/Content/SpeedTree9/SpeedTreeMaster.uasset" 437
"../../../Engine/Content/ArtTools/RenderToTexture/Materials/Debug/M_Emissive_Color.uasset" 438
"../../Plugins/Lumin/MagicLeapPassableWorld/Content/MagicLeapARPinInfoActor.uasset" 439
"../../../../../UnrealProjects/Wrapped/Content/UI/HUD/HUD_Assets/Parchment.uasset" 440
"../../../../../UnrealProjects/Wrapped/Content/UI/HUD/MainMenu.uasset" 441
"../../../../../UnrealProjects/Wrapped/Content/Blueprints/GM_MainMenu.uasset" 442
"../../../../../UnrealProjects/Wrapped/Content/Levels/MainMenu.umap" 443
"../../../../../UnrealProjects/Wrapped/Content/Materials/Materials/M_MonkeyReplacer.uasset" 444
"../../../../../UnrealProjects/Wrapped/Content/Levels/Museum/Cinematics_BuiltData.uasset" 445
"../../../../../UnrealProjects/Wrapped/Content/Meshes/Exhibit_Space/aiStandardSurface13.uasset" 446
"../../../../../UnrealProjects/Wrapped/Content/Meshes/Exhibit_Space/Jupiter.uasset" 447
"../../../../../UnrealProjects/Wrapped/Content/Characters/T-Rex/SK_Trex_test_PhysicsAsset.uasset" 448
"../../../../../UnrealProjects/Wrapped/Content/Characters/T-Rex/SK_Trex_test_Skeleton.uasset" 449
"../../../../../UnrealProjects/Wrapped/Content/Characters/T-Rex/SK_Trex_test.uasset" 450
"../../../../../UnrealProjects/Wrapped/Content/Characters/SM_monkePlaceHolder.uasset" 451
"../../../../../UnrealProjects/Wrapped/Content/Levels/Museum/Cinematics.umap" 452
"../../../../../UnrealProjects/Wrapped/Content/Meshes/Meshes_Miscellaneous/lambert1.uasset" 453
"../../../../../UnrealProjects/Wrapped/Content/Meshes/Meshes_Miscellaneous/WetFloorSign.uasset" 454
"../../../../../UnrealProjects/Wrapped/Content/Materials/Textures/T_Planetarium/RugMarsTexture.uasset" 455
"../../../../../UnrealProjects/Wrapped/Content/Meshes/Exhibit_Space/lambert1.uasset" 456
"../../../../../UnrealProjects/Wrapped/Content/Meshes/Exhibit_Space/RugFBX.uasset" 457
"../../../../../UnrealProjects/Wrapped/Content/Meshes/Exhibit_Jewelry/lambert1.uasset" 458
"../../../../../UnrealProjects/Wrapped/Content/Meshes/Exhibit_Jewelry/Kimono.uasset" 459
"../../../../../UnrealProjects/Wrapped/Content/Materials/Textures/T_Miscellaneous/WetFloor_Color.uasset" 460
"../../../../../UnrealProjects/Wrapped/Content/Materials/Textures/T_Miscellaneous/WetFloor_Color_Mat.uasset" 461
"../../../../../UnrealProjects/Wrapped/Content/Levels/Museum/Museum_Master_BuiltData.uasset" 462
"../../../../../UnrealProjects/Wrapped/Content/Levels/Museum/Museum_Master.umap" 463
"../../../../../UnrealProjects/Wrapped/Content/Levels/Museum/Museum_SL_Boss_BuiltData.uasset" 464
"../../../../../UnrealProjects/Wrapped/Content/Characters/T-Rex/FlameThrower.uasset" 465
"../../../../../UnrealProjects/Wrapped/Content/Characters/T-Rex/Animations/AnimTrex_Run_Anim.uasset" 466
"../../../../../UnrealProjects/Wrapped/Content/Characters/T-Rex/Animations/Montages/AnimTrex_Run_Anim_Montage.uasset" 467
"../../../../../UnrealProjects/Wrapped/Content/Characters/T-Rex/Animations/AnimTrex_Burn.uasset" 468
"../../../../../UnrealProjects/Wrapped/Content/Characters/T-Rex/Animations/Montages/AnimTrex_Burn_Montage.uasset" 469
"../../../../../UnrealProjects/Wrapped/Content/Characters/T-Rex/Animations/AnimTrex_Bite.uasset" 470
"../../../../../UnrealProjects/Wrapped/Content/Characters/T-Rex/Animations/Montages/AnimTrex_Bite_Montage.uasset" 471
"../../../../../UnrealProjects/Wrapped/Content/Characters/T-Rex/Animations/BS_Run.uasset" 472
"../../../../../UnrealProjects/Wrapped/Content/Characters/T-Rex/Animations/AnimTrex_Flinch.uasset" 473
"../../../../../UnrealProjects/Wrapped/Content/Characters/T-Rex/AnimBP_Trex.uasset" 474
"../../../../../UnrealProjects/Wrapped/Content/AI/BTT_FollowBossPath.uasset" 475
"../../../../../UnrealProjects/Wrapped/Content/AI/BT_Boss.uasset" 476
"../../../../../UnrealProjects/Wrapped/Content/AI/BossAIController.uasset" 477
"../../../../../UnrealProjects/Wrapped/Content/Blueprints/Characters/BP_Rex.uasset" 478
"../../../../../UnrealProjects/Wrapped/Content/Levels/Museum/Museum_SL_Boss.umap" 479
"../../../../../UnrealProjects/Wrapped/Content/Levels/Museum/Museum_SL_Lasers_BuiltData.uasset" 480
"../../../../../UnrealProjects/Wrapped/Content/Meshes/ST_LaserEmitter.uasset" 481
"../../../../../UnrealProjects/Wrapped/Content/Materials/Materials/M_Laser2.uasset" 482
"../../../../../UnrealProjects/Wrapped/Content/FX/P_Laser_Red.uasset" 483
"../../../../../UnrealProjects/Wrapped/Content/FX/P_Laser_Green.uasset" 484
"../../../../../UnrealProjects/Wrapped/Content/FX/P_Laser_Blue.uasset" 485
"../../../../../UnrealProjects/Wrapped/Content/Blueprints/Laser/Enum_LaserColor.uasset" 486
"../../../../../UnrealProjects/Wrapped/Content/Blueprints/Laser/BP_Laser.uasset" 487
"../../../../../UnrealProjects/Wrapped/Content/Levels/Museum/Museum_SL_Lasers.umap" 488
"../../../../../UnrealProjects/Wrapped/Content/Levels/Museum/Museum_SubLevel_Decals_BuiltData.uasset" 489
"../../../../../UnrealProjects/Wrapped/Content/Levels/Museum/Museum_SubLevel_Decals.umap" 490
"../../../../../UnrealProjects/Wrapped/Content/Levels/Museum/Museum_SubLevel_Enemies_BuiltData.uasset" 491
"../../../../../UnrealProjects/Wrapped/Content/Levels/Museum/Museum_SubLevel_Enemies.umap" 492
"../../../Engine/Content/EngineSky/T_Sky_Stars.uasset" 493
"../../../Engine/Content/EngineSky/T_Sky_Clouds_M.uasset" 494
"../../../Engine/Content/EngineSky/T_Sky_Blue.uasset" 495
"../../../Engine/Content/EngineSky/M_Sky_Panning_Clouds2.uasset" 496
"../../../../../UnrealProjects/Wrapped/Content/Levels/Museum/Museum_SubLevel_Lighting_BuiltData.uasset" 497
"../../../Engine/Content/EngineSky/SM_SkySphere.uasset" 498
"../../../Engine/Content/EngineSky/C_Sky_Zenith_Color.uasset" 499
"../../../Engine/Content/EngineSky/C_Sky_Horizon_Color.uasset" 500
"../../../Engine/Content/EngineSky/C_Sky_Cloud_Color.uasset" 501
"../../../Engine/Content/EngineSky/BP_Sky_Sphere.uasset" 502
"../../../../../UnrealProjects/Wrapped/Content/StarterContent/Materials/M_Basic_Wall.uasset" 503
"../../../../../UnrealProjects/Wrapped/Content/StarterContent/Shapes/Shape_Sphere.uasset" 504
"../../../../../UnrealProjects/Wrapped/Content/Materials/Materials/M_Stars.uasset" 505
"../../../../../UnrealProjects/Wrapped/Content/Blueprints/SkySphere.uasset" 506
"../../../../../UnrealProjects/Wrapped/Content/Levels/Museum/Museum_SubLevel_Lighting.umap" 507
"../../../../../UnrealProjects/Wrapped/Content/Materials/Textures/T_Miscellaneous/T_JG_taro_leaf_D.uasset" 508
"../../../../../UnrealProjects/Wrapped/Content/Materials/Materials/M_JG_taro_leaf.uasset" 509
"../../../../../UnrealProjects/Wrapped/Content/Meshes/Plants/taro_leaf.uasset" 510
"../../../../../UnrealProjects/Wrapped/Content/Materials/Textures/T_SpecimenRoom/T_JG_monkey_stump_N.uasset" 511
"../../../../../UnrealProjects/Wrapped/Content/Materials/Textures/T_SpecimenRoom/T_JG_monkey_stump_D.uasset" 512
"../../../../../UnrealProjects/Wrapped/Content/Materials/Materials/M_JG_monkey_stump.uasset" 513
"../../../../../UnrealProjects/Wrapped/Content/Meshes/Plants/monkey_stump.uasset" 514
"../../../../../UnrealProjects/Wrapped/Content/Meshes/Meshes_Miscellaneous/VelvetRopePole.uasset" 515
"../../../../../UnrealProjects/Wrapped/Content/Meshes/Meshes_Miscellaneous/VelvetRope.uasset" 516
"../../../../../UnrealProjects/Wrapped/Content/Meshes/Meshes_Miscellaneous/TrashCan.uasset" 517
"../../../../../UnrealProjects/Wrapped/Content/Meshes/Meshes_Miscellaneous/RoomPlaques.uasset" 518
"../../../Engine/Content/EngineMaterials/FlatNormal.uasset" 519
"../../../Engine/Content/Engine_MI_Shaders/T_Emissive.uasset" 520
"../../../Engine/Content/Functions/Engine_MaterialFunctions01/Texturing/FlattenNormal.uasset" 521
"../../../../../UnrealProjects/Wrapped/Content/Materials/Materials/M_Master.uasset" 522
"../../../../../UnrealProjects/Wrapped/Content/Materials/Textures/Monitor/Monitor_LP_MonitorTexture_OcclusionRoughnessMetallic.uasset" 523
"../../../../../UnrealProjects/Wrapped/Content/Materials/Textures/Monitor/Monitor_LP_MonitorTexture_Normal.uasset" 524
"../../../../../UnrealProjects/Wrapped/Content/Materials/Textures/Monitor/Monitor_LP_MonitorTexture_Emissive.uasset" 525
"../../../../../UnrealProjects/Wrapped/Content/Materials/Textures/Monitor/Monitor_LP_MonitorTexture_BaseColor.uasset" 526
"../../../../../UnrealProjects/Wrapped/Content/Materials/Materials/Mi_Monitor.uasset" 527
"../../../../../UnrealProjects/Wrapped/Content/Meshes/Meshes_Miscellaneous/Monitor_LP.uasset" 528
"../../../../../UnrealProjects/Wrapped/Content/Meshes/Meshes_Miscellaneous/aiStandardSurface14.uasset" 529
"../../../../../UnrealProjects/Wrapped/Content/Meshes/Meshes_Miscellaneous/LargeFrame_w_Picture.uasset" 530
"../../../../../UnrealProjects/Wrapped/Content/Meshes/Meshes_Miscellaneous/Frame_w_Picture.uasset" 531
"../../../../../UnrealProjects/Wrapped/Content/Meshes/Meshes_Miscellaneous/Display_1_Material__3_BaseColor.uasset" 532
"../../../../../UnrealProjects/Wrapped/Content/Meshes/Meshes_Miscellaneous/Display_1_Material__3_BaseColor_Mat.uasset" 533
"../../../../../UnrealProjects/Wrapped/Content/MarketplaceStuff/FXVarietyPack/EpicContent/Textures/T_UnrealEngineDecal.uasset" 534
"../../../../../UnrealProjects/Wrapped/Content/MarketplaceStuff/FXVarietyPack/EpicContent/Materials/M_Glass.uasset" 535
"../../../../../UnrealProjects/Wrapped/Content/Meshes/Meshes_Miscellaneous/DisplayTopless.uasset" 536
"../../../../../UnrealProjects/Wrapped/Content/Meshes/Meshes_Miscellaneous/DisplayPlaqueStand.uasset" 537
"../../../../../UnrealProjects/Wrapped/Content/Meshes/Meshes_Miscellaneous/Display_7.uasset" 538
"../../../../../UnrealProjects/Wrapped/Content/StarterContent/Materials/M_Glass.uasset" 539
"../../../../../UnrealProjects/Wrapped/Content/Meshes/Meshes_Miscellaneous/Display_6.uasset" 540
"../../../../../UnrealProjects/Wrapped/Content/Meshes/Meshes_Miscellaneous/Display_4.uasset" 541
"../../../../../UnrealProjects/Wrapped/Content/Meshes/Meshes_Miscellaneous/Display_3.uasset" 542
"../../../../../UnrealProjects/Wrapped/Content/Meshes/Meshes_Miscellaneous/Display_2.uasset" 543
"../../../../../UnrealProjects/Wrapped/Content/Meshes/Meshes_Miscellaneous/Display_1.uasset" 544
"../../../../../UnrealProjects/Wrapped/Content/Materials/Textures/T_Miscellaneous/aiStandardSurface2_Base_color.uasset" 545
"../../../../../UnrealProjects/Wrapped/Content/Materials/Textures/T_Miscellaneous/aiStandardSurface2_Base_color_Mat.uasset" 546
"../../../../../UnrealProjects/Wrapped/Content/Meshes/Meshes_Miscellaneous/BenchFBX.uasset" 547
"../../../../../UnrealProjects/Wrapped/Content/Materials/Materials/Mi_Green.uasset" 548
"../../../../../UnrealProjects/Wrapped/Content/Materials/Materials/Mi_Brown.uasset" 549
"../../../../../UnrealProjects/Wrapped/Content/Meshes/Merged_Tree.uasset" 550
"../../../../../UnrealProjects/Wrapped/Content/Materials/Materials/Mi_White.uasset" 551
"../../../../../UnrealProjects/Wrapped/Content/Meshes/LevelTest/room_RoomWall.uasset" 552
"../../../../../UnrealProjects/Wrapped/Content/Meshes/LevelTest/room_RoomFloor.uasset" 553
"../../../../../UnrealProjects/Wrapped/Content/Materials/Materials/Mi_LightBrown.uasset" 554
"../../../../../UnrealProjects/Wrapped/Content/Meshes/LevelTest/Exhibit2.uasset" 555
"../../../../../UnrealProjects/Wrapped/Content/Materials/Textures/T_SpecimenRoom/CrocodilePosedTextures/T_ES_CrocodilePosed_N.uasset" 556
"../../../../../UnrealProjects/Wrapped/Content/Materials/Textures/T_SpecimenRoom/CrocodilePosedTextures/T_ES_CrocodilePosed_D.uasset" 557
"../../../../../UnrealProjects/Wrapped/Content/Materials/Textures/T_SpecimenRoom/CrocodilePosedTextures/T_ES_CrocodilePosed_O.uasset" 558
"../../../../../UnrealProjects/Wrapped/Content/Materials/Materials/M_SpecimenRoom/CrocodilePosedMaterials/M_CrocodilePosed.uasset" 559
"../../../../../UnrealProjects/Wrapped/Content/Meshes/Exhibit_Specimens/ST_CrocodilePosed.uasset" 560
"../../../../../UnrealProjects/Wrapped/Content/Materials/Materials/M_SpecimenRoom/M_JG_leopard_pointy_bits.uasset" 561
"../../../../../UnrealProjects/Wrapped/Content/Materials/Textures/T_SpecimenRoom/T_JG_leopard_eye_D.uasset" 562
"../../../../../UnrealProjects/Wrapped/Content/Materials/Materials/M_SpecimenRoom/M_JG_leopard_eye.uasset" 563
"../../../../../UnrealProjects/Wrapped/Content/Materials/Textures/T_SpecimenRoom/T_JG_leopard_body_N.uasset" 564
"../../../../../UnrealProjects/Wrapped/Content/Materials/Textures/T_SpecimenRoom/T_JG_leopard_body_D.uasset" 565
"../../../../../UnrealProjects/Wrapped/Content/Materials/Materials/M_SpecimenRoom/M_JG_leopard_body.uasset" 566
"../../../../../UnrealProjects/Wrapped/Content/Meshes/Exhibit_Specimens/log_leopard_complete.uasset" 567
"../../../../../UnrealProjects/Wrapped/Content/Meshes/Exhibit_Specimens/lambert1.uasset" 568
"../../../../../UnrealProjects/Wrapped/Content/Meshes/Exhibit_Specimens/InsectFrame.uasset" 569
"../../../../../UnrealProjects/Wrapped/Content/Materials/Textures/T_Planetarium/RocketOBJ_aiStandardSurface12SG_BaseColor.uasset" 570
"../../../../../UnrealProjects/Wrapped/Content/Materials/Materials/Mi_rocket.uasset" 571
"../../../../../UnrealProjects/Wrapped/Content/Meshes/Exhibit_Space/Rocket.uasset" 572
"../../../../../UnrealProjects/Wrapped/Content/Meshes/Exhibit_Space/KidTable.uasset" 573
"../../../../../UnrealProjects/Wrapped/Content/Meshes/Exhibit_Space/BeanBagChair.uasset" 574
"../../../../../UnrealProjects/Wrapped/Content/Meshes/Exhibit_Space/AstronautSuit.uasset" 575
"../../../../../UnrealProjects/Wrapped/Content/Meshes/Exhibit_Jewelry/ST_Scepter.uasset" 576
"../../../../../UnrealProjects/Wrapped/Content/Meshes/Exhibit_Jewelry/ST_Ring_Jewel.uasset" 577
"../../../../../UnrealProjects/Wrapped/Content/Meshes/Exhibit_Jewelry/ST_Ring_2.uasset" 578
"../../../../../UnrealProjects/Wrapped/Content/Meshes/Exhibit_Jewelry/ST_Ring_1.uasset" 579
"../../../../../UnrealProjects/Wrapped/Content/Meshes/Exhibit_Jewelry/ST_Mannequin.uasset" 580
"../../../../../UnrealProjects/Wrapped/Content/Materials/Textures/JewelryRoomTextures/T_Jewelry_GoldNecklace_OcclusionRoughnessMetallic.uasset" 581
"../../../../../UnrealProjects/Wrapped/Content/Materials/Textures/JewelryRoomTextures/T_Jewelry_GoldNecklace_Normal.uasset" 582
"../../../../../UnrealProjects/Wrapped/Content/Materials/Textures/JewelryRoomTextures/T_Jewelry_GoldNecklace_BaseColor.uasset" 583
"../../../../../UnrealProjects/Wrapped/Content/Materials/Materials/M_GoldNecklaceBracelets.uasset" 584
"../../../../../UnrealProjects/Wrapped/Content/Meshes/Exhibit_Jewelry/ST_Jewelry_GoldNecklace.uasset" 585
"../../../../../UnrealProjects/Wrapped/Content/Meshes/Exhibit_Jewelry/ST_Jewelry_GoldBracelets.uasset" 586
"../../../../../UnrealProjects/Wrapped/Content/Materials/Textures/JewelryRoomTextures/T_Jewelry_JeweledChoker_OcclusionRoughnessMetallic.uasset" 587
"../../../../../UnrealProjects/Wrapped/Content/Materials/Textures/JewelryRoomTextures/T_Jewelry_JeweledChoker_Normal.uasset" 588
"../../../../../UnrealProjects/Wrapped/Content/Materials/Textures/JewelryRoomTextures/T_Jewelry_JeweledChoker_Emissive.uasset" 589
"../../../../../UnrealProjects/Wrapped/Content/Materials/Textures/JewelryRoomTextures/T_Jewelry_JeweledChoker_BaseColor.uasset" 590
"../../../../../UnrealProjects/Wrapped/Content/Materials/Materials/M_JeweledChoker.uasset" 591
"../../../../../UnrealProjects/Wrapped/Content/Meshes/Exhibit_Jewelry/ST_Jewelry_GemChoker.uasset" 592
"../../../../../UnrealProjects/Wrapped/Content/Materials/Textures/JewelryRoomTextures/T_JeweledNecklace_OcclusionRoughnessMetallic.uasset" 593
"../../../../../UnrealProjects/Wrapped/Content/Materials/Textures/JewelryRoomTextures/T_JeweledNecklace_Normal.uasset" 594
"../../../../../UnrealProjects/Wrapped/Content/Materials/Textures/JewelryRoomTextures/T_JeweledNecklace_BaseColor.uasset" 595
"../../../../../UnrealProjects/Wrapped/Content/Materials/Materials/M_JeweledNecklace.uasset" 596
"../../../../../UnrealProjects/Wrapped/Content/Meshes/Exhibit_Jewelry/ST_JeweledNecklace.uasset" 597
"../../../../../UnrealProjects/Wrapped/Content/Materials/Textures/JewelryRoomTextures/T_HeartGem_heart_OcclusionRoughnessMetallic.uasset" 598
"../../../../../UnrealProjects/Wrapped/Content/Materials/Textures/JewelryRoomTextures/T_HeartGem_heart_Normal.uasset" 599
"../../../../../UnrealProjects/Wrapped/Content/Materials/Textures/JewelryRoomTextures/T_HeartGem_heart_BaseColor.uasset" 600
"../../../../../UnrealProjects/Wrapped/Content/Materials/Materials/M_HeartGem.uasset" 601
"../../../../../UnrealProjects/Wrapped/Content/Meshes/Exhibit_Jewelry/ST_HeartGem.uasset" 602
"../../../../../UnrealProjects/Wrapped/Content/Meshes/Exhibit_Jewelry/ST_AirVent.uasset" 603
"../../../../../UnrealProjects/Wrapped/Content/Meshes/Exhibit_Jewelry/SM_Coins.uasset" 604
"../../../../../UnrealProjects/Wrapped/Content/Meshes/Exhibit_Jewelry/JewelryBust.uasset" 605
"../../../../../UnrealProjects/Wrapped/Content/Meshes/Exhibit_Jewelry/Hoop_Earrings.uasset" 606
"../../../../../UnrealProjects/Wrapped/Content/Materials/Materials/Mi_LightYellowish.uasset" 607
"../../../../../UnrealProjects/Wrapped/Content/Meshes/Exhibit_Egypt/SM_Pyramid.uasset" 608
"../../../../../UnrealProjects/Wrapped/Content/Meshes/Exhibit_Egypt/sarcophagus/T_sarcophagus_lower_N.uasset" 609
"../../../../../UnrealProjects/Wrapped/Content/Meshes/Exhibit_Egypt/sarcophagus/T_sarcophagus_lower_D.uasset" 610
"../../../../../UnrealProjects/Wrapped/Content/Meshes/Exhibit_Egypt/sarcophagus/M_sarcophagus_lower.uasset" 611
"../../../../../UnrealProjects/Wrapped/Content/Meshes/Exhibit_Egypt/sarcophagus/SM_sarcophagus_lower.uasset" 612
"../../../../../UnrealProjects/Wrapped/Content/Meshes/Doors/NM_PatioDoor.uasset" 613
"../../../../../UnrealProjects/Wrapped/Content/Meshes/Doors/NM_BathroomDoor.uasset" 614
"../../../../../UnrealProjects/Wrapped/Content/Meshes/Directors_Office/table_DefaultMaterial_BaseColor.uasset" 615
"../../../../../UnrealProjects/Wrapped/Content/Materials/table_DefaultMaterial_BaseColor_Mat.uasset" 616
"../../../../../UnrealProjects/Wrapped/Content/Meshes/Directors_Office/table_DefaultMaterial_BaseColor_Mat.uasset" 617
"../../../../../UnrealProjects/Wrapped/Content/Meshes/Directors_Office/table.uasset" 618
"../../../../../UnrealProjects/Wrapped/Content/Meshes/Directors_Office/Pen_2_DefaultMaterial_BaseColor_1001.uasset" 619
"../../../../../UnrealProjects/Wrapped/Content/Materials/Pen_2_DefaultMaterial_BaseColor_1001_Mat.uasset" 620
"../../../../../UnrealProjects/Wrapped/Content/Meshes/Directors_Office/Pen_2_DefaultMaterial_BaseColor_1001_Mat.uasset" 621
"../../../../../UnrealProjects/Wrapped/Content/Meshes/Directors_Office/Pen_2.uasset" 622
"../../../../../UnrealProjects/Wrapped/Content/Meshes/Directors_Office/Paper_2_DefaultMaterial_BaseColor_1001.uasset" 623
"../../../../../UnrealProjects/Wrapped/Content/Materials/Paper_2_DefaultMaterial_BaseColor_1001_Mat.uasset" 624
"../../../../../UnrealProjects/Wrapped/Content/Meshes/Directors_Office/Paper_2_DefaultMaterial_BaseColor_1001_Mat.uasset" 625
"../../../../../UnrealProjects/Wrapped/Content/Meshes/Directors_Office/Paper_2.uasset" 626
"../../../../../UnrealProjects/Wrapped/Content/Materials/Textures/T_Miscellaneous/T_JG_office_rug_N.uasset" 627
"../../../../../UnrealProjects/Wrapped/Content/Materials/Textures/T_Miscellaneous/T_JG_office_rug_D.uasset" 628
"../../../../../UnrealProjects/Wrapped/Content/Materials/Materials/M_JG_office_rug.uasset" 629
"../../../../../UnrealProjects/Wrapped/Content/Meshes/Directors_Office/office_rug.uasset" 630
"../../../../../UnrealProjects/Wrapped/Content/Meshes/Directors_Office/mug_2_DefaultMaterial_BaseColor_1001.uasset" 631
"../../../../../UnrealProjects/Wrapped/Content/Materials/mug_2_DefaultMaterial_BaseColor_1001_Mat.uasset" 632
"../../../../../UnrealProjects/Wrapped/Content/Meshes/Directors_Office/mug_2_DefaultMaterial_BaseColor_1001_Mat.uasset" 633
"../../../../../UnrealProjects/Wrapped/Content/Meshes/Directors_Office/mug_2.uasset" 634
"../../../../../UnrealProjects/Wrapped/Content/Meshes/Directors_Office/mouse_DefaultMaterial_BaseColor_1001.uasset" 635
"../../../../../UnrealProjects/Wrapped/Content/Materials/mouse_DefaultMaterial_BaseColor_1001_Mat.uasset" 636
"../../../../../UnrealProjects/Wrapped/Content/Meshes/Directors_Office/mouse_DefaultMaterial_BaseColor_1001_Mat.uasset" 637
"../../../../../UnrealProjects/Wrapped/Content/Meshes/Directors_Office/mouse.uasset" 638
"../../../../../UnrealProjects/Wrapped/Content/Meshes/Directors_Office/keyboard_2_DefaultMaterial_BaseColor_1001.uasset" 639
"../../../../../UnrealProjects/Wrapped/Content/Materials/keyboard_2_DefaultMaterial_BaseColor_1001_Mat.uasset" 640
"../../../../../UnrealProjects/Wrapped/Content/Meshes/Directors_Office/keyboard_2_DefaultMaterial_BaseColor_1001_Mat.uasset" 641
"../../../../../UnrealProjects/Wrapped/Content/Meshes/Directors_Office/keyboard_2.uasset" 642
"../../../../../UnrealProjects/Wrapped/Content/Meshes/Directors_Office/Desk_Lamp_2_DefaultMaterial_BaseColor_1001.uasset" 643
"../../../../../UnrealProjects/Wrapped/Content/Materials/Desk_Lamp_2_DefaultMaterial_BaseColor_1001_Mat.uasset" 644
"../../../../../UnrealProjects/Wrapped/Content/Meshes/Directors_Office/Desk_Lamp_2_DefaultMaterial_BaseColor_1001_Mat.uasset" 645
"../../../../../UnrealProjects/Wrapped/Content/Meshes/Directors_Office/Desk_Lamp_2.uasset" 646
"../../../../../UnrealProjects/Wrapped/Content/Meshes/Directors_Office/Chair_Material__28_BaseColor.uasset" 647
"../../../../../UnrealProjects/Wrapped/Content/Materials/Chair_Material__28_BaseColor_Mat.uasset" 648
"../../../../../UnrealProjects/Wrapped/Content/Meshes/Directors_Office/Chair_Material__28_BaseColor_Mat.uasset" 649
"../../../../../UnrealProjects/Wrapped/Content/Meshes/Directors_Office/Chair_Material__27_BaseColor_1002.uasset" 650
"../../../../../UnrealProjects/Wrapped/Content/Meshes/Directors_Office/Chair_Material__27_BaseColor_1002_Mat.uasset" 651
"../../../../../UnrealProjects/Wrapped/Content/Meshes/Directors_Office/Chair_Material__26_BaseColor.uasset" 652
"../../../../../UnrealProjects/Wrapped/Content/Materials/Chair_Material__26_BaseColor_Mat.uasset" 653
"../../../../../UnrealProjects/Wrapped/Content/Meshes/Directors_Office/Chair_Material__26_BaseColor_Mat.uasset" 654
"../../../../../UnrealProjects/Wrapped/Content/Meshes/Directors_Office/Chair_Material__25_BaseColor.uasset" 655
"../../../../../UnrealProjects/Wrapped/Content/Materials/Chair_Material__25_BaseColor_Mat.uasset" 656
"../../../../../UnrealProjects/Wrapped/Content/Meshes/Directors_Office/Chair_Material__25_BaseColor_Mat.uasset" 657
"../../../../../UnrealProjects/Wrapped/Content/Meshes/Directors_Office/Chair.uasset" 658
"../../../../../UnrealProjects/Wrapped/Content/Meshes/Dino_Lobby/ST_Flinstones_Themed_Car.uasset" 659
"../../../../../UnrealProjects/Wrapped/Content/Materials/Textures/T_Miscellaneous/T_JG_front_desk_upper_D.uasset" 660
"../../../../../UnrealProjects/Wrapped/Content/Materials/Materials/M_front_desk_upper.uasset" 661
"../../../../../UnrealProjects/Wrapped/Content/Materials/Textures/T_Miscellaneous/T_JG_front_desk_lower_N.uasset" 662
"../../../../../UnrealProjects/Wrapped/Content/Materials/Textures/T_Miscellaneous/T_JG_front_desk_lower_D.uasset" 663
"../../../../../UnrealProjects/Wrapped/Content/Materials/Materials/M_Front_desk_lower.uasset" 664
"../../../../../UnrealProjects/Wrapped/Content/Meshes/Dino_Lobby/front_desk.uasset" 665
"../../../../../UnrealProjects/Wrapped/Content/Meshes/Dino_Lobby/FootprintFossil.uasset" 666
"../../../../../UnrealProjects/Wrapped/Content/Characters/T-Rex/SK_TRex.uasset" 667
"../../../../../UnrealProjects/Wrapped/Content/Materials/Materials/Mi_Silver.uasset" 668
"../../../../../UnrealProjects/Wrapped/Content/Materials/Textures/T_SpecimenRoom/GreenBeetleNormal.uasset" 669
"../../../../../UnrealProjects/Wrapped/Content/Materials/Textures/T_SpecimenRoom/GreenBeetleColor.uasset" 670
"../../../../../UnrealProjects/Wrapped/Content/Materials/Textures/T_SpecimenRoom/GreenBeetleColor_Mat.uasset" 671
"../../../../../UnrealProjects/Wrapped/Content/Materials/Textures/T_SpecimenRoom/BlueBeetleNormal.uasset" 672
"../../../../../UnrealProjects/Wrapped/Content/Materials/Textures/T_SpecimenRoom/BlueBeetleColor.uasset" 673
"../../../../../UnrealProjects/Wrapped/Content/Materials/Textures/T_SpecimenRoom/BlueBeetleColor_Mat.uasset" 674
"../../../../../UnrealProjects/Wrapped/Content/Materials/Textures/T_SpecimenRoom/BlackBeetleNormal.uasset" 675
"../../../../../UnrealProjects/Wrapped/Content/Materials/Textures/T_SpecimenRoom/BlackBeetleColor.uasset" 676
"../../../../../UnrealProjects/Wrapped/Content/Materials/Textures/T_SpecimenRoom/BlackBeetleColor_Mat.uasset" 677
"../../../../../UnrealProjects/Wrapped/Content/Materials/Textures/T_Planetarium/RugMercuryTexture.uasset" 678
"../../../../../UnrealProjects/Wrapped/Content/Materials/Textures/T_Planetarium/RugMercuryTexture_Mat.uasset" 679
"../../../../../UnrealProjects/Wrapped/Content/Materials/Textures/T_Planetarium/JupiterUVTextured.uasset" 680
"../../../../../UnrealProjects/Wrapped/Content/Materials/Textures/T_Planetarium/JupiterUVTextured_Mat.uasset" 681
"../../../../../UnrealProjects/Wrapped/Content/Materials/Textures/T_Planetarium/AstronautSuit_lambert1_BaseColor.uasset" 682
"../../../../../UnrealProjects/Wrapped/Content/Materials/Textures/T_Planetarium/AstronautSuit_lambert1_BaseColor_Mat.uasset" 683
"../../../../../UnrealProjects/Wrapped/Content/Materials/Textures/T_Miscellaneous/VelvetRopeandPole_Metal.uasset" 684
"../../../../../UnrealProjects/Wrapped/Content/Materials/Textures/T_Miscellaneous/VelvetRopeandPole_Color.uasset" 685
"../../../../../UnrealProjects/Wrapped/Content/Materials/Textures/T_Miscellaneous/VelvetRopeandPole_Color_Mat.uasset" 686
"../../../../../UnrealProjects/Wrapped/Content/Materials/Textures/T_Miscellaneous/VelvetPole_Metal.uasset" 687
"../../../../../UnrealProjects/Wrapped/Content/Materials/Textures/T_Miscellaneous/VelvetPole_Color.uasset" 688
"../../../../../UnrealProjects/Wrapped/Content/Materials/Textures/T_Miscellaneous/VelvetPole_Color_Mat.uasset" 689
"../../../../../UnrealProjects/Wrapped/Content/Materials/Textures/T_Miscellaneous/TrashCan_Color.uasset" 690
"../../../../../UnrealProjects/Wrapped/Content/Materials/Textures/T_Miscellaneous/TrashCan_Color_Mat.uasset" 691
"../../../../../UnrealProjects/Wrapped/Content/Materials/Textures/T_Miscellaneous/Specimen_Room_.uasset" 692
"../../../../../UnrealProjects/Wrapped/Content/Materials/Textures/T_Miscellaneous/Specimen_Room__Mat.uasset" 693
"../../../../../UnrealProjects/Wrapped/Content/Materials/Textures/T_Miscellaneous/Prehistoric_Room.uasset" 694
"../../../../../UnrealProjects/Wrapped/Content/Materials/Textures/T_Miscellaneous/Prehistoric_Room_Mat.uasset" 695
"../../../../../UnrealProjects/Wrapped/Content/Materials/Textures/T_Miscellaneous/Egyptian_Room.uasset" 696
"../../../../../UnrealProjects/Wrapped/Content/Materials/Textures/T_Miscellaneous/Egyptian_Room_Mat.uasset" 697
"../../../../../UnrealProjects/Wrapped/Content/Materials/Textures/T_Miscellaneous/Artifact_Room.uasset" 698
"../../../../../UnrealProjects/Wrapped/Content/Materials/Textures/T_Miscellaneous/Artifact_Room_Mat.uasset" 699
"../../../../../UnrealProjects/Wrapped/Content/Materials/Materials/RampMaterial.uasset" 700
"../../../../../UnrealProjects/Wrapped/Content/Levels/Museum/Museum_SubLevel_Props_BuiltData.uasset" 701
"../../../../../UnrealProjects/Wrapped/Content/Materials/Textures/T_Miscellaneous/Planetaruim_Room.uasset" 702
"../../../../../UnrealProjects/Wrapped/Content/Materials/Textures/T_Miscellaneous/Planetaruim_Room_Mat.uasset" 703
"../../../../../UnrealProjects/Wrapped/Content/Effects/Txt_Magic1_D.uasset" 704
"../../../../../UnrealProjects/Wrapped/Content/Effects/M_MagicEffect.uasset" 705
"../../../../../UnrealProjects/Wrapped/Content/Effects/P_MagicEffect.uasset" 706
"../../../../../UnrealProjects/Wrapped/Content/Meshes/Meshes_Miscellaneous/White_vase.uasset" 707
"../../../../../UnrealProjects/Wrapped/Content/Meshes/Meshes_Miscellaneous/TallVase.uasset" 708
"../../../../../UnrealProjects/Wrapped/Content/Blueprints/Interactables/BP_TallVase.uasset" 709
"../../../../../UnrealProjects/Wrapped/Content/Meshes/Exhibit_Egypt/Steps.uasset" 710
"../../../../../UnrealProjects/Wrapped/Content/Blueprints/Interactables/BP_Steps.uasset" 711
"../../../../../UnrealProjects/Wrapped/Content/Meshes/Exhibit_Space/SaturnRings_color.uasset" 712
"../../../../../UnrealProjects/Wrapped/Content/Meshes/Exhibit_Space/lambert6.uasset" 713
"../../../../../UnrealProjects/Wrapped/Content/Meshes/Exhibit_Space/aiStandardSurface16.uasset" 714
"../../../../../UnrealProjects/Wrapped/Content/Meshes/Exhibit_Space/UCX_Saturn.uasset" 715
"../../../../../UnrealProjects/Wrapped/Content/Meshes/Exhibit_Space/lambert3.uasset" 716
"../../../../../UnrealProjects/Wrapped/Content/Meshes/Exhibit_Space/Saturn.uasset" 717
"../../../../../UnrealProjects/Wrapped/Content/Blueprints/Interactables/BP_Saturn.uasset" 718
"../../../../../UnrealProjects/Wrapped/Content/Materials/Materials/M_pillar.uasset" 719
"../../../../../UnrealProjects/Wrapped/Content/Meshes/Meshes_Miscellaneous/pillar.uasset" 720
"../../../../../UnrealProjects/Wrapped/Content/Materials/Materials/Mi_Blue.uasset" 721
"../../../../../UnrealProjects/Wrapped/Content/Meshes/Exhibit_Space/KidsChair.uasset" 722
"../../../../../UnrealProjects/Wrapped/Content/Materials/Materials/Mi_Orange.uasset" 723
"../../../../../UnrealProjects/Wrapped/Content/Blueprints/Interactables/BP_Chair.uasset" 724
"../../../../../UnrealProjects/Wrapped/Content/Meshes/Exhibit_Space/Asteroid.uasset" 725
"../../../../../UnrealProjects/Wrapped/Content/Blueprints/Interactables/BP_Asteroid.uasset" 726
"../../../../../UnrealProjects/Wrapped/Content/Meshes/Meshes_Miscellaneous/blinn1.uasset" 727
"../../../../../UnrealProjects/Wrapped/Content/Meshes/Meshes_Miscellaneous/Vase.uasset" 728
"../../../../../UnrealProjects/Wrapped/Content/Blueprints/Interactables/BP_Vase.uasset" 729
"../../../../../UnrealProjects/Wrapped/Content/Blueprints/Characters/BP_Monkey.uasset" 730
"../../../../../UnrealProjects/Wrapped/Content/UI/HUD/ToBeContinued.uasset" 731
"../../../../../UnrealProjects/Wrapped/Content/Blueprints/quitgame.uasset" 732
"../../../../../UnrealProjects/Wrapped/Content/Levels/Museum/Museum_SubLevel_Props.umap" 733
"../../../../../UnrealProjects/Wrapped/Content/Materials/Materials/Mi_LightBlue.uasset" 734
"../../../../../UnrealProjects/Wrapped/Content/Meshes/LevelTest/PlanetariumRamp.uasset" 735
"../../../../../UnrealProjects/Wrapped/Content/Meshes/LevelTest/Planetarium.uasset" 736
"../../../../../UnrealProjects/Wrapped/Content/Meshes/LevelTest/MainHallway_MainHallway.uasset" 737
"../../../../../UnrealProjects/Wrapped/Content/Meshes/LevelTest/HallwayFrame.uasset" 738
"../../../../../UnrealProjects/Wrapped/Content/Meshes/LevelTest/Exhibit1.uasset" 739
"../../../../../UnrealProjects/Wrapped/Content/Meshes/LevelTest/entrance.uasset" 740
"../../../../../UnrealProjects/Wrapped/Content/Meshes/LevelTest/CorridorLow.uasset" 741
"../../../../../UnrealProjects/Wrapped/Content/Meshes/LevelTest/CorridorFrame_02.uasset" 742
"../../../../../UnrealProjects/Wrapped/Content/Meshes/LevelTest/Corridor_CorridorWall.uasset" 743
"../../../../../UnrealProjects/Wrapped/Content/Meshes/LevelTest/Corridor.uasset" 744
"../../../../../UnrealProjects/Wrapped/Content/Meshes/Exhibit_Space/Telescope.uasset" 745
"../../../../../UnrealProjects/Wrapped/Content/Meshes/Exhibit_Egypt/ST_Obelisk.uasset" 746
"../../../../../UnrealProjects/Wrapped/Content/Materials/Textures/T_Planetarium/Telescope_Color.uasset" 747
"../../../../../UnrealProjects/Wrapped/Content/Materials/Textures/T_Planetarium/Telescope_Color_Mat.uasset" 748
"../../../../../UnrealProjects/Wrapped/Content/Materials/Materials/M_Interior_Exterior/Tile_Floor_R.uasset" 749
"../../../../../UnrealProjects/Wrapped/Content/Materials/Materials/M_Interior_Exterior/Tile_Floor_N.uasset" 750
"../../../../../UnrealProjects/Wrapped/Content/Materials/Materials/M_Interior_Exterior/Tile_Floor_D.uasset" 751
"../../../../../UnrealProjects/Wrapped/Content/Materials/Materials/M_TileFloor.uasset" 752
"../../../../../UnrealProjects/Wrapped/Content/Levels/Museum/Whitebox_BuiltData.uasset" 753
"../../../../../UnrealProjects/Wrapped/Content/Meshes/LevelTest/CorridorFrame_01.uasset" 754
"../../../../../UnrealProjects/Wrapped/Content/Meshes/TemplateFloor.uasset" 755
"../../../../../UnrealProjects/Wrapped/Content/Meshes/Exhibit_Egypt/Brick.uasset" 756
"../../../../../UnrealProjects/Wrapped/Content/Blueprints/Interactables/BP_Brick.uasset" 757
"../../../../../UnrealProjects/Wrapped/Content/Blueprints/Interactables/Enum_ThrowableSpawner.uasset" 758
"../../../../../UnrealProjects/Wrapped/Content/Blueprints/Interactables/BP_ThrowableSpawner.uasset" 759
"../../../../../UnrealProjects/Wrapped/Content/Levels/Museum/Whitebox.umap" 760
"../../../Engine/Content/Maps/Entry_BuiltData.uasset" 761
"../../../Engine/Content/Maps/Entry.umap" 762
